<?xml version="1.0" encoding="UTF-8"?>
<testng-results ignored="0" total="2" passed="2" failed="0" skipped="0">
  <reporter-output>
  </reporter-output>
  <suite started-at="2026-04-12T23:38:31 IST" name="Suite" finished-at="2026-04-12T23:38:39 IST" duration-ms="8025">
    <groups>
    </groups>
    <test started-at="2026-04-12T23:38:31 IST" name="Chrome" finished-at="2026-04-12T23:38:39 IST" duration-ms="7903">
      <class name="testCase.testCase_001">
        <test-method is-config="true" signature="setup(java.lang.String,java.lang.String)[pri:0, instance:testCase.testCase_001@1722011b]" started-at="2026-04-12T23:38:31 IST" name="setup" finished-at="2026-04-12T23:38:36 IST" duration-ms="5132" status="PASS">
          <params>
            <param index="0">
              <value>
                <![CDATA[windows]]>
              </value>
            </param>
            <param index="1">
              <value>
                <![CDATA[chrome]]>
              </value>
            </param>
          </params>
          <reporter-output>
          </reporter-output>
        </test-method> <!-- setup -->
        <test-method signature="testCase()[pri:0, instance:testCase.testCase_001@1722011b]" started-at="2026-04-12T23:38:36 IST" name="testCase" finished-at="2026-04-12T23:38:38 IST" duration-ms="1737" status="PASS">
          <reporter-output>
          </reporter-output>
        </test-method> <!-- testCase -->
        <test-method is-config="true" signature="tearDown()[pri:0, instance:testCase.testCase_001@1722011b]" started-at="2026-04-12T23:38:38 IST" name="tearDown" finished-at="2026-04-12T23:38:39 IST" duration-ms="891" status="PASS">
          <reporter-output>
          </reporter-output>
        </test-method> <!-- tearDown -->
      </class> <!-- testCase.testCase_001 -->
    </test> <!-- Chrome -->
    <test started-at="2026-04-12T23:38:31 IST" name="Edge" finished-at="2026-04-12T23:38:39 IST" duration-ms="8025">
      <class name="testCase.testCase_001">
        <test-method is-config="true" signature="setup(java.lang.String,java.lang.String)[pri:0, instance:testCase.testCase_001@7674b62c]" started-at="2026-04-12T23:38:31 IST" name="setup" finished-at="2026-04-12T23:38:36 IST" duration-ms="5133" status="PASS">
          <params>
            <param index="0">
              <value>
                <![CDATA[windows]]>
              </value>
            </param>
            <param index="1">
              <value>
                <![CDATA[edge]]>
              </value>
            </param>
          </params>
          <reporter-output>
          </reporter-output>
        </test-method> <!-- setup -->
        <test-method signature="testCase()[pri:0, instance:testCase.testCase_001@7674b62c]" started-at="2026-04-12T23:38:36 IST" name="testCase" finished-at="2026-04-12T23:38:38 IST" duration-ms="1807" status="PASS">
          <reporter-output>
          </reporter-output>
        </test-method> <!-- testCase -->
        <test-method is-config="true" signature="tearDown()[pri:0, instance:testCase.testCase_001@7674b62c]" started-at="2026-04-12T23:38:38 IST" name="tearDown" finished-at="2026-04-12T23:38:39 IST" duration-ms="980" status="PASS">
          <reporter-output>
          </reporter-output>
        </test-method> <!-- tearDown -->
      </class> <!-- testCase.testCase_001 -->
    </test> <!-- Edge -->
  </suite> <!-- Suite -->
</testng-results>
