<?xml version="1.0" encoding="UTF-8"?>
<testng-results ignored="0" total="2" passed="2" failed="0" skipped="0">
  <reporter-output>
  </reporter-output>
  <suite started-at="2026-03-24T21:27:38 IST" name="Suite" finished-at="2026-03-24T21:27:55 IST" duration-ms="16668">
    <groups>
    </groups>
    <test started-at="2026-03-24T21:27:38 IST" name="Edge" finished-at="2026-03-24T21:27:47 IST" duration-ms="9315">
      <class name="testCase.testCase_001">
        <test-method is-config="true" signature="setup(java.lang.String,java.lang.String)[pri:0, instance:testCase.testCase_001@6995bf68]" started-at="2026-03-24T21:27:38 IST" name="setup" finished-at="2026-03-24T21:27:45 IST" duration-ms="7221" status="PASS">
          <params>
            <param index="0">
              <value>
                <![CDATA[windows]]>
              </value>
            </param>
            <param index="1">
              <value>
                <![CDATA[edge]]>
              </value>
            </param>
          </params>
          <reporter-output>
          </reporter-output>
        </test-method> <!-- setup -->
        <test-method signature="testCase()[pri:0, instance:testCase.testCase_001@6995bf68]" started-at="2026-03-24T21:27:45 IST" name="testCase" finished-at="2026-03-24T21:27:47 IST" duration-ms="1438" status="PASS">
          <reporter-output>
          </reporter-output>
        </test-method> <!-- testCase -->
        <test-method is-config="true" signature="tearDown()[pri:0, instance:testCase.testCase_001@6995bf68]" started-at="2026-03-24T21:27:47 IST" name="tearDown" finished-at="2026-03-24T21:27:47 IST" duration-ms="460" status="PASS">
          <reporter-output>
          </reporter-output>
        </test-method> <!-- tearDown -->
      </class> <!-- testCase.testCase_001 -->
    </test> <!-- Edge -->
    <test started-at="2026-03-24T21:27:38 IST" name="Chrome" finished-at="2026-03-24T21:27:55 IST" duration-ms="16668">
      <class name="testCase.testCase_001">
        <test-method is-config="true" signature="setup(java.lang.String,java.lang.String)[pri:0, instance:testCase.testCase_001@19835e64]" started-at="2026-03-24T21:27:38 IST" name="setup" finished-at="2026-03-24T21:27:53 IST" duration-ms="15183" status="PASS">
          <params>
            <param index="0">
              <value>
                <![CDATA[windows]]>
              </value>
            </param>
            <param index="1">
              <value>
                <![CDATA[chrome]]>
              </value>
            </param>
          </params>
          <reporter-output>
          </reporter-output>
        </test-method> <!-- setup -->
        <test-method signature="testCase()[pri:0, instance:testCase.testCase_001@19835e64]" started-at="2026-03-24T21:27:53 IST" name="testCase" finished-at="2026-03-24T21:27:54 IST" duration-ms="1076" status="PASS">
          <reporter-output>
          </reporter-output>
        </test-method> <!-- testCase -->
        <test-method is-config="true" signature="tearDown()[pri:0, instance:testCase.testCase_001@19835e64]" started-at="2026-03-24T21:27:54 IST" name="tearDown" finished-at="2026-03-24T21:27:55 IST" duration-ms="379" status="PASS">
          <reporter-output>
          </reporter-output>
        </test-method> <!-- tearDown -->
      </class> <!-- testCase.testCase_001 -->
    </test> <!-- Chrome -->
  </suite> <!-- Suite -->
</testng-results>
